<?xml version="1.0"?>
<!DOCTYPE coverage SYSTEM "http://cobertura.sourceforge.net/xml/coverage-04.dtd">

<coverage line-rate="0.11504424778761062" branch-rate="0.0" lines-covered="13" lines-valid="113" branches-covered="0" branches-valid="48" complexity="2.12" version="2.0.3" timestamp="1439782740846">
	<sources>
		<source>--source</source>
		<source>/media/barmi83/Data/projets/workspace/schemacrawler-additionnallints/src/main/java</source>
	</sources>
	<packages>
		<package name="io.github.mbarre.schemacrawler.tool.linter" line-rate="0.11504424778761062" branch-rate="0.0" complexity="2.12">
			<classes>
				<class name="io.github.mbarre.schemacrawler.tool.linter.LinterColumnContentNotNormalized" filename="io/github/mbarre/schemacrawler/tool/linter/LinterColumnContentNotNormalized.java" line-rate="0.09523809523809523" branch-rate="0.0" complexity="4.0">
					<methods>
						<method name="&lt;clinit&gt;" signature="()V" line-rate="1.0" branch-rate="1.0">
							<lines>
								<line number="30" hits="1" branch="false"/>
							</lines>
						</method>
						<method name="&lt;init&gt;" signature="()V" line-rate="1.0" branch-rate="1.0">
							<lines>
								<line number="32" hits="1" branch="false"/>
								<line number="33" hits="1" branch="false"/>
								<line number="34" hits="1" branch="false"/>
							</lines>
						</method>
						<method name="getDescription" signature="()Ljava/lang/String;" line-rate="0.0" branch-rate="1.0">
							<lines>
								<line number="38" hits="0" branch="false"/>
							</lines>
						</method>
						<method name="getSummary" signature="()Ljava/lang/String;" line-rate="0.0" branch-rate="1.0">
							<lines>
								<line number="43" hits="0" branch="false"/>
							</lines>
						</method>
						<method name="lint" signature="(Lschemacrawler/schema/Table;Ljava/sql/Connection;)V" line-rate="0.0" branch-rate="0.0">
							<lines>
								<line number="82" hits="0" branch="false"/>
								<line number="83" hits="0" branch="false"/>
								<line number="84" hits="0" branch="true" condition-coverage="0 % (0/2)">
									<conditions>
										<condition number="0" type="jump" coverage="0 %"/>
									</conditions>
								</line>
								<line number="85" hits="0" branch="true" condition-coverage="0 % (0/2)">
									<conditions>
										<condition number="0" type="jump" coverage="0 %"/>
									</conditions>
								</line>
								<line number="87" hits="0" branch="false"/>
								<line number="88" hits="0" branch="false"/>
								<line number="89" hits="0" branch="false"/>
								<line number="90" hits="0" branch="false"/>
								<line number="91" hits="0" branch="true" condition-coverage="0 % (0/2)">
									<conditions>
										<condition number="0" type="jump" coverage="0 %"/>
									</conditions>
								</line>
								<line number="92" hits="0" branch="false"/>
								<line number="93" hits="0" branch="false"/>
								<line number="94" hits="0" branch="true" condition-coverage="0 % (0/2)">
									<conditions>
										<condition number="0" type="jump" coverage="0 %"/>
									</conditions>
								</line>
								<line number="95" hits="0" branch="false"/>
								<line number="96" hits="0" branch="false"/>
								<line number="98" hits="0" branch="false"/>
								<line number="99" hits="0" branch="false"/>
								<line number="101" hits="0" branch="false"/>
								<line number="104" hits="0" branch="false"/>
								<line number="105" hits="0" branch="false"/>
								<line number="106" hits="0" branch="false"/>
								<line number="107" hits="0" branch="false"/>
								<line number="108" hits="0" branch="false"/>
								<line number="110" hits="0" branch="false"/>
							</lines>
						</method>
						<method name="mustColumnBeTested" signature="(Lschemacrawler/schema/Column;)Z" line-rate="0.0" branch-rate="0.0">
							<lines>
								<line number="54" hits="0" branch="true" condition-coverage="0 % (0/2)">
									<conditions>
										<condition number="0" type="jump" coverage="0 %"/>
									</conditions>
								</line>
								<line number="55" hits="0" branch="true" condition-coverage="0 % (0/2)">
									<conditions>
										<condition number="0" type="jump" coverage="0 %"/>
									</conditions>
								</line>
								<line number="56" hits="0" branch="true" condition-coverage="0 % (0/2)">
									<conditions>
										<condition number="0" type="jump" coverage="0 %"/>
									</conditions>
								</line>
								<line number="57" hits="0" branch="true" condition-coverage="0 % (0/2)">
									<conditions>
										<condition number="0" type="jump" coverage="0 %"/>
									</conditions>
								</line>
								<line number="58" hits="0" branch="true" condition-coverage="0 % (0/2)">
									<conditions>
										<condition number="0" type="jump" coverage="0 %"/>
									</conditions>
								</line>
								<line number="59" hits="0" branch="true" condition-coverage="0 % (0/2)">
									<conditions>
										<condition number="0" type="jump" coverage="0 %"/>
									</conditions>
								</line>
								<line number="60" hits="0" branch="true" condition-coverage="0 % (0/2)">
									<conditions>
										<condition number="0" type="jump" coverage="0 %"/>
									</conditions>
								</line>
								<line number="62" hits="0" branch="false"/>
								<line number="63" hits="0" branch="true" condition-coverage="0 % (0/2)">
									<conditions>
										<condition number="0" type="jump" coverage="0 %"/>
									</conditions>
								</line>
								<line number="64" hits="0" branch="false"/>
								<line number="65" hits="0" branch="false"/>
								<line number="68" hits="0" branch="false"/>
								<line number="71" hits="0" branch="false"/>
							</lines>
						</method>
					</methods>
					<lines>
						<line number="30" hits="1" branch="false"/>
						<line number="32" hits="1" branch="false"/>
						<line number="33" hits="1" branch="false"/>
						<line number="34" hits="1" branch="false"/>
						<line number="38" hits="0" branch="false"/>
						<line number="43" hits="0" branch="false"/>
						<line number="54" hits="0" branch="true" condition-coverage="0 % (0/2)">
							<conditions>
								<condition number="0" type="jump" coverage="0 %"/>
							</conditions>
						</line>
						<line number="55" hits="0" branch="true" condition-coverage="0 % (0/2)">
							<conditions>
								<condition number="0" type="jump" coverage="0 %"/>
							</conditions>
						</line>
						<line number="56" hits="0" branch="true" condition-coverage="0 % (0/2)">
							<conditions>
								<condition number="0" type="jump" coverage="0 %"/>
							</conditions>
						</line>
						<line number="57" hits="0" branch="true" condition-coverage="0 % (0/2)">
							<conditions>
								<condition number="0" type="jump" coverage="0 %"/>
							</conditions>
						</line>
						<line number="58" hits="0" branch="true" condition-coverage="0 % (0/2)">
							<conditions>
								<condition number="0" type="jump" coverage="0 %"/>
							</conditions>
						</line>
						<line number="59" hits="0" branch="true" condition-coverage="0 % (0/2)">
							<conditions>
								<condition number="0" type="jump" coverage="0 %"/>
							</conditions>
						</line>
						<line number="60" hits="0" branch="true" condition-coverage="0 % (0/2)">
							<conditions>
								<condition number="0" type="jump" coverage="0 %"/>
							</conditions>
						</line>
						<line number="62" hits="0" branch="false"/>
						<line number="63" hits="0" branch="true" condition-coverage="0 % (0/2)">
							<conditions>
								<condition number="0" type="jump" coverage="0 %"/>
							</conditions>
						</line>
						<line number="64" hits="0" branch="false"/>
						<line number="65" hits="0" branch="false"/>
						<line number="68" hits="0" branch="false"/>
						<line number="71" hits="0" branch="false"/>
						<line number="82" hits="0" branch="false"/>
						<line number="83" hits="0" branch="false"/>
						<line number="84" hits="0" branch="true" condition-coverage="0 % (0/2)">
							<conditions>
								<condition number="0" type="jump" coverage="0 %"/>
							</conditions>
						</line>
						<line number="85" hits="0" branch="true" condition-coverage="0 % (0/2)">
							<conditions>
								<condition number="0" type="jump" coverage="0 %"/>
							</conditions>
						</line>
						<line number="87" hits="0" branch="false"/>
						<line number="88" hits="0" branch="false"/>
						<line number="89" hits="0" branch="false"/>
						<line number="90" hits="0" branch="false"/>
						<line number="91" hits="0" branch="true" condition-coverage="0 % (0/2)">
							<conditions>
								<condition number="0" type="jump" coverage="0 %"/>
							</conditions>
						</line>
						<line number="92" hits="0" branch="false"/>
						<line number="93" hits="0" branch="false"/>
						<line number="94" hits="0" branch="true" condition-coverage="0 % (0/2)">
							<conditions>
								<condition number="0" type="jump" coverage="0 %"/>
							</conditions>
						</line>
						<line number="95" hits="0" branch="false"/>
						<line number="96" hits="0" branch="false"/>
						<line number="98" hits="0" branch="false"/>
						<line number="99" hits="0" branch="false"/>
						<line number="101" hits="0" branch="false"/>
						<line number="104" hits="0" branch="false"/>
						<line number="105" hits="0" branch="false"/>
						<line number="106" hits="0" branch="false"/>
						<line number="107" hits="0" branch="false"/>
						<line number="108" hits="0" branch="false"/>
						<line number="110" hits="0" branch="false"/>
					</lines>
				</class>
				<class name="io.github.mbarre.schemacrawler.tool.linter.LinterJsonTypeColumn" filename="io/github/mbarre/schemacrawler/tool/linter/LinterJsonTypeColumn.java" line-rate="0.0" branch-rate="0.0" complexity="1.8">
					<methods>
						<method name="&lt;clinit&gt;" signature="()V" line-rate="0.0" branch-rate="1.0">
							<lines>
								<line number="25" hits="0" branch="false"/>
							</lines>
						</method>
						<method name="&lt;init&gt;" signature="()V" line-rate="0.0" branch-rate="1.0">
							<lines>
								<line number="27" hits="0" branch="false"/>
								<line number="28" hits="0" branch="false"/>
								<line number="29" hits="0" branch="false"/>
							</lines>
						</method>
						<method name="findJsonTypeColumn" signature="(Ljava/util/List;)Ljava/util/List;" line-rate="0.0" branch-rate="0.0">
							<lines>
								<line number="61" hits="0" branch="false"/>
								<line number="62" hits="0" branch="true" condition-coverage="0 % (0/2)">
									<conditions>
										<condition number="0" type="jump" coverage="0 %"/>
									</conditions>
								</line>
								<line number="63" hits="0" branch="true" condition-coverage="0 % (0/2)">
									<conditions>
										<condition number="0" type="jump" coverage="0 %"/>
									</conditions>
								</line>
								<line number="64" hits="0" branch="false"/>
								<line number="65" hits="0" branch="false"/>
								<line number="67" hits="0" branch="false"/>
								<line number="68" hits="0" branch="false"/>
							</lines>
						</method>
						<method name="getDescription" signature="()Ljava/lang/String;" line-rate="0.0" branch-rate="1.0">
							<lines>
								<line number="34" hits="0" branch="false"/>
							</lines>
						</method>
						<method name="getSummary" signature="()Ljava/lang/String;" line-rate="0.0" branch-rate="1.0">
							<lines>
								<line number="40" hits="0" branch="false"/>
							</lines>
						</method>
						<method name="lint" signature="(Lschemacrawler/schema/Table;Ljava/sql/Connection;)V" line-rate="0.0" branch-rate="0.0">
							<lines>
								<line number="46" hits="0" branch="false"/>
								<line number="49" hits="0" branch="false"/>
								<line number="50" hits="0" branch="false"/>
								<line number="51" hits="0" branch="false"/>
								<line number="52" hits="0" branch="false"/>
								<line number="54" hits="0" branch="false"/>
								<line number="55" hits="0" branch="true" condition-coverage="0 % (0/2)">
									<conditions>
										<condition number="0" type="jump" coverage="0 %"/>
									</conditions>
								</line>
								<line number="56" hits="0" branch="false"/>
								<line number="57" hits="0" branch="false"/>
								<line number="58" hits="0" branch="false"/>
							</lines>
						</method>
					</methods>
					<lines>
						<line number="25" hits="0" branch="false"/>
						<line number="27" hits="0" branch="false"/>
						<line number="28" hits="0" branch="false"/>
						<line number="29" hits="0" branch="false"/>
						<line number="34" hits="0" branch="false"/>
						<line number="40" hits="0" branch="false"/>
						<line number="46" hits="0" branch="false"/>
						<line number="49" hits="0" branch="false"/>
						<line number="50" hits="0" branch="false"/>
						<line number="51" hits="0" branch="false"/>
						<line number="52" hits="0" branch="false"/>
						<line number="54" hits="0" branch="false"/>
						<line number="55" hits="0" branch="true" condition-coverage="0 % (0/2)">
							<conditions>
								<condition number="0" type="jump" coverage="0 %"/>
							</conditions>
						</line>
						<line number="56" hits="0" branch="false"/>
						<line number="57" hits="0" branch="false"/>
						<line number="58" hits="0" branch="false"/>
						<line number="61" hits="0" branch="false"/>
						<line number="62" hits="0" branch="true" condition-coverage="0 % (0/2)">
							<conditions>
								<condition number="0" type="jump" coverage="0 %"/>
							</conditions>
						</line>
						<line number="63" hits="0" branch="true" condition-coverage="0 % (0/2)">
							<conditions>
								<condition number="0" type="jump" coverage="0 %"/>
							</conditions>
						</line>
						<line number="64" hits="0" branch="false"/>
						<line number="65" hits="0" branch="false"/>
						<line number="67" hits="0" branch="false"/>
						<line number="68" hits="0" branch="false"/>
					</lines>
				</class>
				<class name="io.github.mbarre.schemacrawler.tool.linter.LinterTableNameNotInLowerCase" filename="io/github/mbarre/schemacrawler/tool/linter/LinterTableNameNotInLowerCase.java" line-rate="0.15" branch-rate="0.0" complexity="1.6666666666666667">
					<methods>
						<method name="&lt;init&gt;" signature="()V" line-rate="1.0" branch-rate="1.0">
							<lines>
								<line number="21" hits="1" branch="false"/>
								<line number="22" hits="1" branch="false"/>
								<line number="23" hits="1" branch="false"/>
							</lines>
						</method>
						<method name="findColumnsWithUpperCase" signature="(Ljava/util/List;)Ljava/util/List;" line-rate="0.0" branch-rate="0.0">
							<lines>
								<line number="58" hits="0" branch="false"/>
								<line number="59" hits="0" branch="true" condition-coverage="0 % (0/2)">
									<conditions>
										<condition number="0" type="jump" coverage="0 %"/>
									</conditions>
								</line>
								<line number="60" hits="0" branch="true" condition-coverage="0 % (0/2)">
									<conditions>
										<condition number="0" type="jump" coverage="0 %"/>
									</conditions>
								</line>
								<line number="61" hits="0" branch="false"/>
								<line number="63" hits="0" branch="false"/>
								<line number="64" hits="0" branch="false"/>
							</lines>
						</method>
						<method name="getDescription" signature="()Ljava/lang/String;" line-rate="0.0" branch-rate="1.0">
							<lines>
								<line number="28" hits="0" branch="false"/>
							</lines>
						</method>
						<method name="getSummary" signature="()Ljava/lang/String;" line-rate="0.0" branch-rate="1.0">
							<lines>
								<line number="34" hits="0" branch="false"/>
							</lines>
						</method>
						<method name="isLowerCaseName" signature="(Ljava/lang/String;)Z" line-rate="0.0" branch-rate="1.0">
							<lines>
								<line number="54" hits="0" branch="false"/>
							</lines>
						</method>
						<method name="lint" signature="(Lschemacrawler/schema/Table;)V" line-rate="0.0" branch-rate="0.0">
							<lines>
								<line number="40" hits="0" branch="false"/>
								<line number="41" hits="0" branch="false"/>
								<line number="42" hits="0" branch="true" condition-coverage="0 % (0/2)">
									<conditions>
										<condition number="0" type="jump" coverage="0 %"/>
									</conditions>
								</line>
								<line number="44" hits="0" branch="false"/>
								<line number="47" hits="0" branch="true" condition-coverage="0 % (0/2)">
									<conditions>
										<condition number="0" type="jump" coverage="0 %"/>
									</conditions>
								</line>
								<line number="48" hits="0" branch="false"/>
								<line number="49" hits="0" branch="false"/>
								<line number="50" hits="0" branch="false"/>
							</lines>
						</method>
					</methods>
					<lines>
						<line number="21" hits="1" branch="false"/>
						<line number="22" hits="1" branch="false"/>
						<line number="23" hits="1" branch="false"/>
						<line number="28" hits="0" branch="false"/>
						<line number="34" hits="0" branch="false"/>
						<line number="40" hits="0" branch="false"/>
						<line number="41" hits="0" branch="false"/>
						<line number="42" hits="0" branch="true" condition-coverage="0 % (0/2)">
							<conditions>
								<condition number="0" type="jump" coverage="0 %"/>
							</conditions>
						</line>
						<line number="44" hits="0" branch="false"/>
						<line number="47" hits="0" branch="true" condition-coverage="0 % (0/2)">
							<conditions>
								<condition number="0" type="jump" coverage="0 %"/>
							</conditions>
						</line>
						<line number="48" hits="0" branch="false"/>
						<line number="49" hits="0" branch="false"/>
						<line number="50" hits="0" branch="false"/>
						<line number="54" hits="0" branch="false"/>
						<line number="58" hits="0" branch="false"/>
						<line number="59" hits="0" branch="true" condition-coverage="0 % (0/2)">
							<conditions>
								<condition number="0" type="jump" coverage="0 %"/>
							</conditions>
						</line>
						<line number="60" hits="0" branch="true" condition-coverage="0 % (0/2)">
							<conditions>
								<condition number="0" type="jump" coverage="0 %"/>
							</conditions>
						</line>
						<line number="61" hits="0" branch="false"/>
						<line number="63" hits="0" branch="false"/>
						<line number="64" hits="0" branch="false"/>
					</lines>
				</class>
				<class name="io.github.mbarre.schemacrawler.tool.linter.LinterTableWithNoPrimaryKey" filename="io/github/mbarre/schemacrawler/tool/linter/LinterTableWithNoPrimaryKey.java" line-rate="0.3333333333333333" branch-rate="0.0" complexity="1.25">
					<methods>
						<method name="&lt;init&gt;" signature="()V" line-rate="1.0" branch-rate="1.0">
							<lines>
								<line number="17" hits="1" branch="false"/>
								<line number="18" hits="1" branch="false"/>
								<line number="19" hits="1" branch="false"/>
							</lines>
						</method>
						<method name="getDescription" signature="()Ljava/lang/String;" line-rate="0.0" branch-rate="1.0">
							<lines>
								<line number="23" hits="0" branch="false"/>
							</lines>
						</method>
						<method name="getSummary" signature="()Ljava/lang/String;" line-rate="0.0" branch-rate="1.0">
							<lines>
								<line number="28" hits="0" branch="false"/>
							</lines>
						</method>
						<method name="lint" signature="(Lschemacrawler/schema/Table;)V" line-rate="0.0" branch-rate="0.0">
							<lines>
								<line number="34" hits="0" branch="false"/>
								<line number="36" hits="0" branch="true" condition-coverage="0 % (0/2)">
									<conditions>
										<condition number="0" type="jump" coverage="0 %"/>
									</conditions>
								</line>
								<line number="37" hits="0" branch="false"/>
								<line number="39" hits="0" branch="false"/>
							</lines>
						</method>
					</methods>
					<lines>
						<line number="17" hits="1" branch="false"/>
						<line number="18" hits="1" branch="false"/>
						<line number="19" hits="1" branch="false"/>
						<line number="23" hits="0" branch="false"/>
						<line number="28" hits="0" branch="false"/>
						<line number="34" hits="0" branch="false"/>
						<line number="36" hits="0" branch="true" condition-coverage="0 % (0/2)">
							<conditions>
								<condition number="0" type="jump" coverage="0 %"/>
							</conditions>
						</line>
						<line number="37" hits="0" branch="false"/>
						<line number="39" hits="0" branch="false"/>
					</lines>
				</class>
				<class name="io.github.mbarre.schemacrawler.tool.linter.LinterTableWithNoRemark" filename="io/github/mbarre/schemacrawler/tool/linter/LinterTableWithNoRemark.java" line-rate="0.15789473684210525" branch-rate="0.0" complexity="1.8">
					<methods>
						<method name="&lt;init&gt;" signature="()V" line-rate="1.0" branch-rate="1.0">
							<lines>
								<line number="21" hits="1" branch="false"/>
								<line number="22" hits="1" branch="false"/>
								<line number="23" hits="1" branch="false"/>
							</lines>
						</method>
						<method name="findColumnsWithNoRemark" signature="(Ljava/util/List;)Ljava/util/List;" line-rate="0.0" branch-rate="0.0">
							<lines>
								<line number="53" hits="0" branch="false"/>
								<line number="54" hits="0" branch="true" condition-coverage="0 % (0/2)">
									<conditions>
										<condition number="0" type="jump" coverage="0 %"/>
									</conditions>
								</line>
								<line number="55" hits="0" branch="true" condition-coverage="0 % (0/2)">
									<conditions>
										<condition number="0" type="jump" coverage="0 %"/>
									</conditions>
								</line>
								<line number="56" hits="0" branch="false"/>
								<line number="58" hits="0" branch="false"/>
								<line number="59" hits="0" branch="false"/>
							</lines>
						</method>
						<method name="getDescription" signature="()Ljava/lang/String;" line-rate="0.0" branch-rate="1.0">
							<lines>
								<line number="28" hits="0" branch="false"/>
							</lines>
						</method>
						<method name="getSummary" signature="()Ljava/lang/String;" line-rate="0.0" branch-rate="1.0">
							<lines>
								<line number="34" hits="0" branch="false"/>
							</lines>
						</method>
						<method name="lint" signature="(Lschemacrawler/schema/Table;)V" line-rate="0.0" branch-rate="0.0">
							<lines>
								<line number="40" hits="0" branch="false"/>
								<line number="42" hits="0" branch="false"/>
								<line number="43" hits="0" branch="true" condition-coverage="0 % (0/2)">
									<conditions>
										<condition number="0" type="jump" coverage="0 %"/>
									</conditions>
								</line>
								<line number="45" hits="0" branch="false"/>
								<line number="47" hits="0" branch="true" condition-coverage="0 % (0/2)">
									<conditions>
										<condition number="0" type="jump" coverage="0 %"/>
									</conditions>
								</line>
								<line number="48" hits="0" branch="false"/>
								<line number="49" hits="0" branch="false"/>
								<line number="50" hits="0" branch="false"/>
							</lines>
						</method>
					</methods>
					<lines>
						<line number="21" hits="1" branch="false"/>
						<line number="22" hits="1" branch="false"/>
						<line number="23" hits="1" branch="false"/>
						<line number="28" hits="0" branch="false"/>
						<line number="34" hits="0" branch="false"/>
						<line number="40" hits="0" branch="false"/>
						<line number="42" hits="0" branch="false"/>
						<line number="43" hits="0" branch="true" condition-coverage="0 % (0/2)">
							<conditions>
								<condition number="0" type="jump" coverage="0 %"/>
							</conditions>
						</line>
						<line number="45" hits="0" branch="false"/>
						<line number="47" hits="0" branch="true" condition-coverage="0 % (0/2)">
							<conditions>
								<condition number="0" type="jump" coverage="0 %"/>
							</conditions>
						</line>
						<line number="48" hits="0" branch="false"/>
						<line number="49" hits="0" branch="false"/>
						<line number="50" hits="0" branch="false"/>
						<line number="53" hits="0" branch="false"/>
						<line number="54" hits="0" branch="true" condition-coverage="0 % (0/2)">
							<conditions>
								<condition number="0" type="jump" coverage="0 %"/>
							</conditions>
						</line>
						<line number="55" hits="0" branch="true" condition-coverage="0 % (0/2)">
							<conditions>
								<condition number="0" type="jump" coverage="0 %"/>
							</conditions>
						</line>
						<line number="56" hits="0" branch="false"/>
						<line number="58" hits="0" branch="false"/>
						<line number="59" hits="0" branch="false"/>
					</lines>
				</class>
			</classes>
		</package>
	</packages>
</coverage>
