<?xml version="1.0"?>
<!DOCTYPE coverage SYSTEM "http://cobertura.sourceforge.net/xml/coverage-04.dtd">

<coverage line-rate="0.9613259668508287" branch-rate="0.8877551020408163" lines-covered="174" lines-valid="181" branches-covered="87" branches-valid="98" complexity="2.4864864864864864" version="2.0.3" timestamp="1440831040247">
	<sources>
		<source>C:/Users/salad74/NetBeansProjects/schemacrawler-additionnallints/src/main/java</source>
		<source>--source</source>
	</sources>
	<packages>
		<package name="io.github.mbarre.schemacrawler.tool.linter" line-rate="0.9753086419753086" branch-rate="0.926829268292683" complexity="2.235294117647059">
			<classes>
				<class name="io.github.mbarre.schemacrawler.tool.linter.LinterColumnContentNotNormalized" filename="io/github/mbarre/schemacrawler/tool/linter/LinterColumnContentNotNormalized.java" line-rate="0.9444444444444444" branch-rate="0.9583333333333334" complexity="3.3333333333333335">
					<methods>
						<method name="&lt;clinit&gt;" signature="()V" line-rate="1.0" branch-rate="1.0">
							<lines>
								<line number="30" hits="1" branch="false"/>
							</lines>
						</method>
						<method name="&lt;init&gt;" signature="()V" line-rate="1.0" branch-rate="1.0">
							<lines>
								<line number="32" hits="25" branch="false"/>
								<line number="33" hits="25" branch="false"/>
								<line number="34" hits="25" branch="false"/>
							</lines>
						</method>
						<method name="getDescription" signature="()Ljava/lang/String;" line-rate="1.0" branch-rate="1.0">
							<lines>
								<line number="38" hits="1" branch="false"/>
							</lines>
						</method>
						<method name="getSummary" signature="()Ljava/lang/String;" line-rate="1.0" branch-rate="1.0">
							<lines>
								<line number="43" hits="3" branch="false"/>
							</lines>
						</method>
						<method name="isSqlTypeTextBased" signature="(I)Z" line-rate="1.0" branch-rate="1.0">
							<lines>
								<line number="52" hits="64" branch="true" condition-coverage="100 % (12/12)">
									<conditions>
										<condition number="0" type="jump" coverage="100 %"/>
										<condition number="1" type="jump" coverage="100 %"/>
										<condition number="2" type="jump" coverage="100 %"/>
										<condition number="3" type="jump" coverage="100 %"/>
										<condition number="4" type="jump" coverage="100 %"/>
										<condition number="5" type="jump" coverage="100 %"/>
									</conditions>
								</line>
							</lines>
						</method>
						<method name="lint" signature="(Lschemacrawler/schema/Table;Ljava/sql/Connection;)V" line-rate="0.9130434782608695" branch-rate="0.875">
							<lines>
								<line number="91" hits="9" branch="false"/>
								<line number="92" hits="9" branch="false"/>
								<line number="93" hits="9" branch="true" condition-coverage="100 % (2/2)">
									<conditions>
										<condition number="0" type="jump" coverage="100 %"/>
									</conditions>
								</line>
								<line number="94" hits="37" branch="true" condition-coverage="100 % (2/2)">
									<conditions>
										<condition number="0" type="jump" coverage="100 %"/>
									</conditions>
								</line>
								<line number="96" hits="22" branch="false"/>
								<line number="97" hits="22" branch="false"/>
								<line number="98" hits="22" branch="false"/>
								<line number="99" hits="22" branch="false"/>
								<line number="100" hits="23" branch="true" condition-coverage="100 % (2/2)">
									<conditions>
										<condition number="0" type="jump" coverage="100 %"/>
									</conditions>
								</line>
								<line number="101" hits="1" branch="false"/>
								<line number="102" hits="1" branch="false"/>
								<line number="103" hits="1" branch="true" condition-coverage="50 % (1/2)">
									<conditions>
										<condition number="0" type="jump" coverage="50 %"/>
									</conditions>
								</line>
								<line number="104" hits="1" branch="false"/>
								<line number="105" hits="1" branch="false"/>
								<line number="107" hits="1" branch="false"/>
								<line number="108" hits="22" branch="false"/>
								<line number="110" hits="15" branch="false"/>
								<line number="113" hits="37" branch="false"/>
								<line number="114" hits="9" branch="false"/>
								<line number="115" hits="0" branch="false"/>
								<line number="116" hits="0" branch="false"/>
								<line number="117" hits="9" branch="false"/>
								<line number="119" hits="9" branch="false"/>
							</lines>
						</method>
						<method name="mustColumnBeTested" signature="(II)Z" line-rate="1.0" branch-rate="1.0">
							<lines>
								<line number="70" hits="42" branch="true" condition-coverage="100 % (2/2)">
									<conditions>
										<condition number="0" type="jump" coverage="100 %"/>
									</conditions>
								</line>
								<line number="72" hits="25" branch="true" condition-coverage="100 % (2/2)">
									<conditions>
										<condition number="0" type="jump" coverage="100 %"/>
									</conditions>
								</line>
								<line number="73" hits="23" branch="false"/>
								<line number="74" hits="23" branch="false"/>
								<line number="77" hits="2" branch="false"/>
								<line number="80" hits="17" branch="false"/>
							</lines>
						</method>
					</methods>
					<lines>
						<line number="30" hits="1" branch="false"/>
						<line number="32" hits="25" branch="false"/>
						<line number="33" hits="25" branch="false"/>
						<line number="34" hits="25" branch="false"/>
						<line number="38" hits="1" branch="false"/>
						<line number="43" hits="3" branch="false"/>
						<line number="52" hits="64" branch="true" condition-coverage="100 % (12/12)">
							<conditions>
								<condition number="0" type="jump" coverage="100 %"/>
								<condition number="1" type="jump" coverage="100 %"/>
								<condition number="2" type="jump" coverage="100 %"/>
								<condition number="3" type="jump" coverage="100 %"/>
								<condition number="4" type="jump" coverage="100 %"/>
								<condition number="5" type="jump" coverage="100 %"/>
							</conditions>
						</line>
						<line number="70" hits="42" branch="true" condition-coverage="100 % (2/2)">
							<conditions>
								<condition number="0" type="jump" coverage="100 %"/>
							</conditions>
						</line>
						<line number="72" hits="25" branch="true" condition-coverage="100 % (2/2)">
							<conditions>
								<condition number="0" type="jump" coverage="100 %"/>
							</conditions>
						</line>
						<line number="73" hits="23" branch="false"/>
						<line number="74" hits="23" branch="false"/>
						<line number="77" hits="2" branch="false"/>
						<line number="80" hits="17" branch="false"/>
						<line number="91" hits="9" branch="false"/>
						<line number="92" hits="9" branch="false"/>
						<line number="93" hits="9" branch="true" condition-coverage="100 % (2/2)">
							<conditions>
								<condition number="0" type="jump" coverage="100 %"/>
							</conditions>
						</line>
						<line number="94" hits="37" branch="true" condition-coverage="100 % (2/2)">
							<conditions>
								<condition number="0" type="jump" coverage="100 %"/>
							</conditions>
						</line>
						<line number="96" hits="22" branch="false"/>
						<line number="97" hits="22" branch="false"/>
						<line number="98" hits="22" branch="false"/>
						<line number="99" hits="22" branch="false"/>
						<line number="100" hits="23" branch="true" condition-coverage="100 % (2/2)">
							<conditions>
								<condition number="0" type="jump" coverage="100 %"/>
							</conditions>
						</line>
						<line number="101" hits="1" branch="false"/>
						<line number="102" hits="1" branch="false"/>
						<line number="103" hits="1" branch="true" condition-coverage="50 % (1/2)">
							<conditions>
								<condition number="0" type="jump" coverage="50 %"/>
							</conditions>
						</line>
						<line number="104" hits="1" branch="false"/>
						<line number="105" hits="1" branch="false"/>
						<line number="107" hits="1" branch="false"/>
						<line number="108" hits="22" branch="false"/>
						<line number="110" hits="15" branch="false"/>
						<line number="113" hits="37" branch="false"/>
						<line number="114" hits="9" branch="false"/>
						<line number="115" hits="0" branch="false"/>
						<line number="116" hits="0" branch="false"/>
						<line number="117" hits="9" branch="false"/>
						<line number="119" hits="9" branch="false"/>
					</lines>
				</class>
				<class name="io.github.mbarre.schemacrawler.tool.linter.LinterJsonContent" filename="io/github/mbarre/schemacrawler/tool/linter/LinterJsonContent.java" line-rate="1.0" branch-rate="0.9285714285714286" complexity="2.5">
					<methods>
						<method name="&lt;clinit&gt;" signature="()V" line-rate="1.0" branch-rate="1.0">
							<lines>
								<line number="27" hits="1" branch="false"/>
							</lines>
						</method>
						<method name="&lt;init&gt;" signature="()V" line-rate="1.0" branch-rate="1.0">
							<lines>
								<line number="30" hits="22" branch="false"/>
								<line number="31" hits="22" branch="false"/>
								<line number="32" hits="22" branch="false"/>
							</lines>
						</method>
						<method name="getDescription" signature="()Ljava/lang/String;" line-rate="1.0" branch-rate="1.0">
							<lines>
								<line number="36" hits="1" branch="false"/>
							</lines>
						</method>
						<method name="getSummary" signature="()Ljava/lang/String;" line-rate="1.0" branch-rate="1.0">
							<lines>
								<line number="41" hits="1" branch="false"/>
							</lines>
						</method>
						<method name="lint" signature="(Lschemacrawler/schema/Table;Ljava/sql/Connection;)V" line-rate="1.0" branch-rate="0.9285714285714286">
							<lines>
								<line number="48" hits="10" branch="false"/>
								<line number="50" hits="9" branch="false"/>
								<line number="51" hits="9" branch="true" condition-coverage="100 % (2/2)">
									<conditions>
										<condition number="0" type="jump" coverage="100 %"/>
									</conditions>
								</line>
								<line number="52" hits="36" branch="true" condition-coverage="100 % (2/2)">
									<conditions>
										<condition number="0" type="jump" coverage="100 %"/>
									</conditions>
								</line>
								<line number="54" hits="21" branch="false"/>
								<line number="55" hits="21" branch="false"/>
								<line number="57" hits="21" branch="false"/>
								<line number="58" hits="20" branch="false"/>
								<line number="59" hits="46" branch="true" condition-coverage="100 % (4/4)">
									<conditions>
										<condition number="0" type="jump" coverage="100 %"/>
										<condition number="1" type="jump" coverage="100 %"/>
									</conditions>
								</line>
								<line number="60" hits="26" branch="false"/>
								<line number="62" hits="26" branch="true" condition-coverage="100 % (2/2)">
									<conditions>
										<condition number="0" type="jump" coverage="100 %"/>
									</conditions>
								</line>
								<line number="63" hits="1" branch="false"/>
								<line number="64" hits="1" branch="false"/>
								<line number="65" hits="1" branch="false"/>
								<line number="67" hits="26" branch="false"/>
								<line number="69" hits="35" branch="false"/>
								<line number="71" hits="10" branch="true" condition-coverage="75 % (3/4)">
									<conditions>
										<condition number="0" type="jump" coverage="50 %"/>
										<condition number="1" type="jump" coverage="100 %"/>
									</conditions>
								</line>
								<line number="72" hits="1" branch="false"/>
								<line number="73" hits="8" branch="false"/>
								<line number="74" hits="9" branch="false"/>
							</lines>
						</method>
					</methods>
					<lines>
						<line number="27" hits="1" branch="false"/>
						<line number="30" hits="22" branch="false"/>
						<line number="31" hits="22" branch="false"/>
						<line number="32" hits="22" branch="false"/>
						<line number="36" hits="1" branch="false"/>
						<line number="41" hits="1" branch="false"/>
						<line number="48" hits="10" branch="false"/>
						<line number="50" hits="9" branch="false"/>
						<line number="51" hits="9" branch="true" condition-coverage="100 % (2/2)">
							<conditions>
								<condition number="0" type="jump" coverage="100 %"/>
							</conditions>
						</line>
						<line number="52" hits="36" branch="true" condition-coverage="100 % (2/2)">
							<conditions>
								<condition number="0" type="jump" coverage="100 %"/>
							</conditions>
						</line>
						<line number="54" hits="21" branch="false"/>
						<line number="55" hits="21" branch="false"/>
						<line number="57" hits="21" branch="false"/>
						<line number="58" hits="20" branch="false"/>
						<line number="59" hits="46" branch="true" condition-coverage="100 % (4/4)">
							<conditions>
								<condition number="0" type="jump" coverage="100 %"/>
								<condition number="1" type="jump" coverage="100 %"/>
							</conditions>
						</line>
						<line number="60" hits="26" branch="false"/>
						<line number="62" hits="26" branch="true" condition-coverage="100 % (2/2)">
							<conditions>
								<condition number="0" type="jump" coverage="100 %"/>
							</conditions>
						</line>
						<line number="63" hits="1" branch="false"/>
						<line number="64" hits="1" branch="false"/>
						<line number="65" hits="1" branch="false"/>
						<line number="67" hits="26" branch="false"/>
						<line number="69" hits="35" branch="false"/>
						<line number="71" hits="10" branch="true" condition-coverage="75 % (3/4)">
							<conditions>
								<condition number="0" type="jump" coverage="50 %"/>
								<condition number="1" type="jump" coverage="100 %"/>
							</conditions>
						</line>
						<line number="72" hits="1" branch="false"/>
						<line number="73" hits="8" branch="false"/>
						<line number="74" hits="9" branch="false"/>
					</lines>
				</class>
				<class name="io.github.mbarre.schemacrawler.tool.linter.LinterJsonTypeColumn" filename="io/github/mbarre/schemacrawler/tool/linter/LinterJsonTypeColumn.java" line-rate="0.9166666666666666" branch-rate="0.8" complexity="2.2">
					<methods>
						<method name="&lt;clinit&gt;" signature="()V" line-rate="1.0" branch-rate="1.0">
							<lines>
								<line number="26" hits="1" branch="false"/>
							</lines>
						</method>
						<method name="&lt;init&gt;" signature="()V" line-rate="1.0" branch-rate="1.0">
							<lines>
								<line number="28" hits="22" branch="false"/>
								<line number="29" hits="22" branch="false"/>
								<line number="30" hits="22" branch="false"/>
							</lines>
						</method>
						<method name="findJsonTypeColumn" signature="(Ljava/util/List;)Ljava/util/List;" line-rate="1.0" branch-rate="1.0">
							<lines>
								<line number="64" hits="9" branch="false"/>
								<line number="65" hits="9" branch="true" condition-coverage="100 % (2/2)">
									<conditions>
										<condition number="0" type="jump" coverage="100 %"/>
									</conditions>
								</line>
								<line number="66" hits="37" branch="true" condition-coverage="100 % (2/2)">
									<conditions>
										<condition number="0" type="jump" coverage="100 %"/>
									</conditions>
								</line>
								<line number="67" hits="1" branch="false"/>
								<line number="68" hits="1" branch="false"/>
								<line number="70" hits="37" branch="false"/>
								<line number="71" hits="9" branch="false"/>
							</lines>
						</method>
						<method name="getDescription" signature="()Ljava/lang/String;" line-rate="1.0" branch-rate="1.0">
							<lines>
								<line number="35" hits="1" branch="false"/>
							</lines>
						</method>
						<method name="getSummary" signature="()Ljava/lang/String;" line-rate="1.0" branch-rate="1.0">
							<lines>
								<line number="41" hits="1" branch="false"/>
							</lines>
						</method>
						<method name="lint" signature="(Lschemacrawler/schema/Table;Ljava/sql/Connection;)V" line-rate="0.8181818181818182" branch-rate="0.6666666666666666">
							<lines>
								<line number="47" hits="9" branch="false"/>
								<line number="50" hits="9" branch="true" condition-coverage="50 % (1/2)">
									<conditions>
										<condition number="0" type="jump" coverage="50 %"/>
									</conditions>
								</line>
								<line number="51" hits="9" branch="true" condition-coverage="50 % (1/2)">
									<conditions>
										<condition number="0" type="jump" coverage="50 %"/>
									</conditions>
								</line>
								<line number="52" hits="9" branch="false"/>
								<line number="53" hits="9" branch="true" condition-coverage="100 % (2/2)">
									<conditions>
										<condition number="0" type="jump" coverage="100 %"/>
									</conditions>
								</line>
								<line number="54" hits="1" branch="false"/>
								<line number="55" hits="1" branch="false"/>
								<line number="58" hits="0" branch="false"/>
								<line number="59" hits="0" branch="false"/>
								<line number="60" hits="9" branch="false"/>
								<line number="61" hits="9" branch="false"/>
							</lines>
						</method>
					</methods>
					<lines>
						<line number="26" hits="1" branch="false"/>
						<line number="28" hits="22" branch="false"/>
						<line number="29" hits="22" branch="false"/>
						<line number="30" hits="22" branch="false"/>
						<line number="35" hits="1" branch="false"/>
						<line number="41" hits="1" branch="false"/>
						<line number="47" hits="9" branch="false"/>
						<line number="50" hits="9" branch="true" condition-coverage="50 % (1/2)">
							<conditions>
								<condition number="0" type="jump" coverage="50 %"/>
							</conditions>
						</line>
						<line number="51" hits="9" branch="true" condition-coverage="50 % (1/2)">
							<conditions>
								<condition number="0" type="jump" coverage="50 %"/>
							</conditions>
						</line>
						<line number="52" hits="9" branch="false"/>
						<line number="53" hits="9" branch="true" condition-coverage="100 % (2/2)">
							<conditions>
								<condition number="0" type="jump" coverage="100 %"/>
							</conditions>
						</line>
						<line number="54" hits="1" branch="false"/>
						<line number="55" hits="1" branch="false"/>
						<line number="58" hits="0" branch="false"/>
						<line number="59" hits="0" branch="false"/>
						<line number="60" hits="9" branch="false"/>
						<line number="61" hits="9" branch="false"/>
						<line number="64" hits="9" branch="false"/>
						<line number="65" hits="9" branch="true" condition-coverage="100 % (2/2)">
							<conditions>
								<condition number="0" type="jump" coverage="100 %"/>
							</conditions>
						</line>
						<line number="66" hits="37" branch="true" condition-coverage="100 % (2/2)">
							<conditions>
								<condition number="0" type="jump" coverage="100 %"/>
							</conditions>
						</line>
						<line number="67" hits="1" branch="false"/>
						<line number="68" hits="1" branch="false"/>
						<line number="70" hits="37" branch="false"/>
						<line number="71" hits="9" branch="false"/>
					</lines>
				</class>
				<class name="io.github.mbarre.schemacrawler.tool.linter.LinterTableNameNotInLowerCase" filename="io/github/mbarre/schemacrawler/tool/linter/LinterTableNameNotInLowerCase.java" line-rate="1.0" branch-rate="1.0" complexity="1.6666666666666667">
					<methods>
						<method name="&lt;init&gt;" signature="()V" line-rate="1.0" branch-rate="1.0">
							<lines>
								<line number="21" hits="22" branch="false"/>
								<line number="22" hits="22" branch="false"/>
								<line number="23" hits="22" branch="false"/>
							</lines>
						</method>
						<method name="findColumnsWithUpperCase" signature="(Ljava/util/List;)Ljava/util/List;" line-rate="1.0" branch-rate="1.0">
							<lines>
								<line number="58" hits="9" branch="false"/>
								<line number="59" hits="9" branch="true" condition-coverage="100 % (2/2)">
									<conditions>
										<condition number="0" type="jump" coverage="100 %"/>
									</conditions>
								</line>
								<line number="60" hits="37" branch="true" condition-coverage="100 % (2/2)">
									<conditions>
										<condition number="0" type="jump" coverage="100 %"/>
									</conditions>
								</line>
								<line number="61" hits="1" branch="false"/>
								<line number="63" hits="37" branch="false"/>
								<line number="64" hits="9" branch="false"/>
							</lines>
						</method>
						<method name="getDescription" signature="()Ljava/lang/String;" line-rate="1.0" branch-rate="1.0">
							<lines>
								<line number="28" hits="2" branch="false"/>
							</lines>
						</method>
						<method name="getSummary" signature="()Ljava/lang/String;" line-rate="1.0" branch-rate="1.0">
							<lines>
								<line number="34" hits="2" branch="false"/>
							</lines>
						</method>
						<method name="isLowerCaseName" signature="(Ljava/lang/String;)Z" line-rate="1.0" branch-rate="1.0">
							<lines>
								<line number="54" hits="46" branch="false"/>
							</lines>
						</method>
						<method name="lint" signature="(Lschemacrawler/schema/Table;)V" line-rate="1.0" branch-rate="1.0">
							<lines>
								<line number="40" hits="9" branch="false"/>
								<line number="41" hits="9" branch="false"/>
								<line number="42" hits="9" branch="true" condition-coverage="100 % (2/2)">
									<conditions>
										<condition number="0" type="jump" coverage="100 %"/>
									</conditions>
								</line>
								<line number="44" hits="1" branch="false"/>
								<line number="47" hits="9" branch="true" condition-coverage="100 % (2/2)">
									<conditions>
										<condition number="0" type="jump" coverage="100 %"/>
									</conditions>
								</line>
								<line number="48" hits="2" branch="false"/>
								<line number="49" hits="2" branch="false"/>
								<line number="50" hits="9" branch="false"/>
							</lines>
						</method>
					</methods>
					<lines>
						<line number="21" hits="22" branch="false"/>
						<line number="22" hits="22" branch="false"/>
						<line number="23" hits="22" branch="false"/>
						<line number="28" hits="2" branch="false"/>
						<line number="34" hits="2" branch="false"/>
						<line number="40" hits="9" branch="false"/>
						<line number="41" hits="9" branch="false"/>
						<line number="42" hits="9" branch="true" condition-coverage="100 % (2/2)">
							<conditions>
								<condition number="0" type="jump" coverage="100 %"/>
							</conditions>
						</line>
						<line number="44" hits="1" branch="false"/>
						<line number="47" hits="9" branch="true" condition-coverage="100 % (2/2)">
							<conditions>
								<condition number="0" type="jump" coverage="100 %"/>
							</conditions>
						</line>
						<line number="48" hits="2" branch="false"/>
						<line number="49" hits="2" branch="false"/>
						<line number="50" hits="9" branch="false"/>
						<line number="54" hits="46" branch="false"/>
						<line number="58" hits="9" branch="false"/>
						<line number="59" hits="9" branch="true" condition-coverage="100 % (2/2)">
							<conditions>
								<condition number="0" type="jump" coverage="100 %"/>
							</conditions>
						</line>
						<line number="60" hits="37" branch="true" condition-coverage="100 % (2/2)">
							<conditions>
								<condition number="0" type="jump" coverage="100 %"/>
							</conditions>
						</line>
						<line number="61" hits="1" branch="false"/>
						<line number="63" hits="37" branch="false"/>
						<line number="64" hits="9" branch="false"/>
					</lines>
				</class>
				<class name="io.github.mbarre.schemacrawler.tool.linter.LinterTableWithNoPrimaryKey" filename="io/github/mbarre/schemacrawler/tool/linter/LinterTableWithNoPrimaryKey.java" line-rate="1.0" branch-rate="1.0" complexity="1.25">
					<methods>
						<method name="&lt;init&gt;" signature="()V" line-rate="1.0" branch-rate="1.0">
							<lines>
								<line number="17" hits="22" branch="false"/>
								<line number="18" hits="22" branch="false"/>
								<line number="19" hits="22" branch="false"/>
							</lines>
						</method>
						<method name="getDescription" signature="()Ljava/lang/String;" line-rate="1.0" branch-rate="1.0">
							<lines>
								<line number="23" hits="3" branch="false"/>
							</lines>
						</method>
						<method name="getSummary" signature="()Ljava/lang/String;" line-rate="1.0" branch-rate="1.0">
							<lines>
								<line number="28" hits="3" branch="false"/>
							</lines>
						</method>
						<method name="lint" signature="(Lschemacrawler/schema/Table;)V" line-rate="1.0" branch-rate="1.0">
							<lines>
								<line number="34" hits="9" branch="false"/>
								<line number="36" hits="9" branch="true" condition-coverage="100 % (2/2)">
									<conditions>
										<condition number="0" type="jump" coverage="100 %"/>
									</conditions>
								</line>
								<line number="37" hits="3" branch="false"/>
								<line number="39" hits="9" branch="false"/>
							</lines>
						</method>
					</methods>
					<lines>
						<line number="17" hits="22" branch="false"/>
						<line number="18" hits="22" branch="false"/>
						<line number="19" hits="22" branch="false"/>
						<line number="23" hits="3" branch="false"/>
						<line number="28" hits="3" branch="false"/>
						<line number="34" hits="9" branch="false"/>
						<line number="36" hits="9" branch="true" condition-coverage="100 % (2/2)">
							<conditions>
								<condition number="0" type="jump" coverage="100 %"/>
							</conditions>
						</line>
						<line number="37" hits="3" branch="false"/>
						<line number="39" hits="9" branch="false"/>
					</lines>
				</class>
				<class name="io.github.mbarre.schemacrawler.tool.linter.LinterTableWithNoRemark" filename="io/github/mbarre/schemacrawler/tool/linter/LinterTableWithNoRemark.java" line-rate="1.0" branch-rate="1.0" complexity="1.8">
					<methods>
						<method name="&lt;init&gt;" signature="()V" line-rate="1.0" branch-rate="1.0">
							<lines>
								<line number="21" hits="22" branch="false"/>
								<line number="22" hits="22" branch="false"/>
								<line number="23" hits="22" branch="false"/>
							</lines>
						</method>
						<method name="findColumnsWithNoRemark" signature="(Ljava/util/List;)Ljava/util/List;" line-rate="1.0" branch-rate="1.0">
							<lines>
								<line number="53" hits="9" branch="false"/>
								<line number="54" hits="9" branch="true" condition-coverage="100 % (2/2)">
									<conditions>
										<condition number="0" type="jump" coverage="100 %"/>
									</conditions>
								</line>
								<line number="55" hits="37" branch="true" condition-coverage="100 % (2/2)">
									<conditions>
										<condition number="0" type="jump" coverage="100 %"/>
									</conditions>
								</line>
								<line number="56" hits="18" branch="false"/>
								<line number="58" hits="37" branch="false"/>
								<line number="59" hits="9" branch="false"/>
							</lines>
						</method>
						<method name="getDescription" signature="()Ljava/lang/String;" line-rate="1.0" branch-rate="1.0">
							<lines>
								<line number="28" hits="21" branch="false"/>
							</lines>
						</method>
						<method name="getSummary" signature="()Ljava/lang/String;" line-rate="1.0" branch-rate="1.0">
							<lines>
								<line number="34" hits="21" branch="false"/>
							</lines>
						</method>
						<method name="lint" signature="(Lschemacrawler/schema/Table;)V" line-rate="1.0" branch-rate="1.0">
							<lines>
								<line number="40" hits="9" branch="false"/>
								<line number="42" hits="9" branch="false"/>
								<line number="43" hits="9" branch="true" condition-coverage="100 % (2/2)">
									<conditions>
										<condition number="0" type="jump" coverage="100 %"/>
									</conditions>
								</line>
								<line number="45" hits="3" branch="false"/>
								<line number="47" hits="9" branch="true" condition-coverage="100 % (2/2)">
									<conditions>
										<condition number="0" type="jump" coverage="100 %"/>
									</conditions>
								</line>
								<line number="48" hits="21" branch="false"/>
								<line number="49" hits="21" branch="false"/>
								<line number="50" hits="9" branch="false"/>
							</lines>
						</method>
					</methods>
					<lines>
						<line number="21" hits="22" branch="false"/>
						<line number="22" hits="22" branch="false"/>
						<line number="23" hits="22" branch="false"/>
						<line number="28" hits="21" branch="false"/>
						<line number="34" hits="21" branch="false"/>
						<line number="40" hits="9" branch="false"/>
						<line number="42" hits="9" branch="false"/>
						<line number="43" hits="9" branch="true" condition-coverage="100 % (2/2)">
							<conditions>
								<condition number="0" type="jump" coverage="100 %"/>
							</conditions>
						</line>
						<line number="45" hits="3" branch="false"/>
						<line number="47" hits="9" branch="true" condition-coverage="100 % (2/2)">
							<conditions>
								<condition number="0" type="jump" coverage="100 %"/>
							</conditions>
						</line>
						<line number="48" hits="21" branch="false"/>
						<line number="49" hits="21" branch="false"/>
						<line number="50" hits="9" branch="false"/>
						<line number="53" hits="9" branch="false"/>
						<line number="54" hits="9" branch="true" condition-coverage="100 % (2/2)">
							<conditions>
								<condition number="0" type="jump" coverage="100 %"/>
							</conditions>
						</line>
						<line number="55" hits="37" branch="true" condition-coverage="100 % (2/2)">
							<conditions>
								<condition number="0" type="jump" coverage="100 %"/>
							</conditions>
						</line>
						<line number="56" hits="18" branch="false"/>
						<line number="58" hits="37" branch="false"/>
						<line number="59" hits="9" branch="false"/>
					</lines>
				</class>
				<class name="io.github.mbarre.schemacrawler.tool.linter.LinterXmlContent" filename="io/github/mbarre/schemacrawler/tool/linter/LinterXmlContent.java" line-rate="1.0" branch-rate="0.875" complexity="2.75">
					<methods>
						<method name="&lt;clinit&gt;" signature="()V" line-rate="1.0" branch-rate="1.0">
							<lines>
								<line number="28" hits="1" branch="false"/>
							</lines>
						</method>
						<method name="&lt;init&gt;" signature="()V" line-rate="1.0" branch-rate="1.0">
							<lines>
								<line number="31" hits="22" branch="false"/>
								<line number="32" hits="22" branch="false"/>
								<line number="33" hits="22" branch="false"/>
							</lines>
						</method>
						<method name="getDescription" signature="()Ljava/lang/String;" line-rate="1.0" branch-rate="1.0">
							<lines>
								<line number="37" hits="1" branch="false"/>
							</lines>
						</method>
						<method name="getSummary" signature="()Ljava/lang/String;" line-rate="1.0" branch-rate="1.0">
							<lines>
								<line number="42" hits="1" branch="false"/>
							</lines>
						</method>
						<method name="lint" signature="(Lschemacrawler/schema/Table;Ljava/sql/Connection;)V" line-rate="1.0" branch-rate="0.875">
							<lines>
								<line number="49" hits="10" branch="false"/>
								<line number="51" hits="9" branch="false"/>
								<line number="52" hits="9" branch="true" condition-coverage="100 % (2/2)">
									<conditions>
										<condition number="0" type="jump" coverage="100 %"/>
									</conditions>
								</line>
								<line number="53" hits="36" branch="true" condition-coverage="100 % (2/2)">
									<conditions>
										<condition number="0" type="jump" coverage="100 %"/>
									</conditions>
								</line>
								<line number="55" hits="21" branch="false"/>
								<line number="56" hits="21" branch="false"/>
								<line number="58" hits="21" branch="false"/>
								<line number="59" hits="20" branch="false"/>
								<line number="60" hits="46" branch="true" condition-coverage="100 % (4/4)">
									<conditions>
										<condition number="0" type="jump" coverage="100 %"/>
										<condition number="1" type="jump" coverage="100 %"/>
									</conditions>
								</line>
								<line number="61" hits="26" branch="false"/>
								<line number="63" hits="26" branch="true" condition-coverage="100 % (2/2)">
									<conditions>
										<condition number="0" type="jump" coverage="100 %"/>
									</conditions>
								</line>
								<line number="64" hits="1" branch="false"/>
								<line number="65" hits="1" branch="false"/>
								<line number="66" hits="1" branch="false"/>
								<line number="68" hits="26" branch="false"/>
								<line number="69" hits="20" branch="false"/>
								<line number="70" hits="15" branch="true" condition-coverage="50 % (1/2)">
									<conditions>
										<condition number="0" type="jump" coverage="50 %"/>
									</conditions>
								</line>
								<line number="73" hits="35" branch="false"/>
								<line number="75" hits="10" branch="true" condition-coverage="75 % (3/4)">
									<conditions>
										<condition number="0" type="jump" coverage="50 %"/>
										<condition number="1" type="jump" coverage="100 %"/>
									</conditions>
								</line>
								<line number="76" hits="1" branch="false"/>
								<line number="77" hits="8" branch="false"/>
								<line number="78" hits="9" branch="false"/>
							</lines>
						</method>
					</methods>
					<lines>
						<line number="28" hits="1" branch="false"/>
						<line number="31" hits="22" branch="false"/>
						<line number="32" hits="22" branch="false"/>
						<line number="33" hits="22" branch="false"/>
						<line number="37" hits="1" branch="false"/>
						<line number="42" hits="1" branch="false"/>
						<line number="49" hits="10" branch="false"/>
						<line number="51" hits="9" branch="false"/>
						<line number="52" hits="9" branch="true" condition-coverage="100 % (2/2)">
							<conditions>
								<condition number="0" type="jump" coverage="100 %"/>
							</conditions>
						</line>
						<line number="53" hits="36" branch="true" condition-coverage="100 % (2/2)">
							<conditions>
								<condition number="0" type="jump" coverage="100 %"/>
							</conditions>
						</line>
						<line number="55" hits="21" branch="false"/>
						<line number="56" hits="21" branch="false"/>
						<line number="58" hits="21" branch="false"/>
						<line number="59" hits="20" branch="false"/>
						<line number="60" hits="46" branch="true" condition-coverage="100 % (4/4)">
							<conditions>
								<condition number="0" type="jump" coverage="100 %"/>
								<condition number="1" type="jump" coverage="100 %"/>
							</conditions>
						</line>
						<line number="61" hits="26" branch="false"/>
						<line number="63" hits="26" branch="true" condition-coverage="100 % (2/2)">
							<conditions>
								<condition number="0" type="jump" coverage="100 %"/>
							</conditions>
						</line>
						<line number="64" hits="1" branch="false"/>
						<line number="65" hits="1" branch="false"/>
						<line number="66" hits="1" branch="false"/>
						<line number="68" hits="26" branch="false"/>
						<line number="69" hits="20" branch="false"/>
						<line number="70" hits="15" branch="true" condition-coverage="50 % (1/2)">
							<conditions>
								<condition number="0" type="jump" coverage="50 %"/>
							</conditions>
						</line>
						<line number="73" hits="35" branch="false"/>
						<line number="75" hits="10" branch="true" condition-coverage="75 % (3/4)">
							<conditions>
								<condition number="0" type="jump" coverage="50 %"/>
								<condition number="1" type="jump" coverage="100 %"/>
							</conditions>
						</line>
						<line number="76" hits="1" branch="false"/>
						<line number="77" hits="8" branch="false"/>
						<line number="78" hits="9" branch="false"/>
					</lines>
				</class>
			</classes>
		</package>
		<package name="io.github.mbarre.schemacrawler.utils" line-rate="0.8421052631578947" branch-rate="0.6875" complexity="5.333333333333333">
			<classes>
				<class name="io.github.mbarre.schemacrawler.utils.JSonUtils" filename="io/github/mbarre/schemacrawler/utils/JSonUtils.java" line-rate="0.8571428571428571" branch-rate="1.0" complexity="5.0">
					<methods>
						<method name="&lt;init&gt;" signature="()V" line-rate="0.0" branch-rate="1.0">
							<lines>
								<line number="15" hits="0" branch="false"/>
							</lines>
						</method>
						<method name="isJsonContent" signature="(Ljava/lang/String;)Z" line-rate="1.0" branch-rate="1.0">
							<lines>
								<line number="18" hits="28" branch="true" condition-coverage="100 % (2/2)">
									<conditions>
										<condition number="0" type="jump" coverage="100 %"/>
									</conditions>
								</line>
								<line number="19" hits="4" branch="false"/>
								<line number="22" hits="24" branch="false"/>
								<line number="23" hits="2" branch="false"/>
								<line number="24" hits="22" branch="false"/>
								<line number="25" hits="22" branch="false"/>
							</lines>
						</method>
					</methods>
					<lines>
						<line number="15" hits="0" branch="false"/>
						<line number="18" hits="28" branch="true" condition-coverage="100 % (2/2)">
							<conditions>
								<condition number="0" type="jump" coverage="100 %"/>
							</conditions>
						</line>
						<line number="19" hits="4" branch="false"/>
						<line number="22" hits="24" branch="false"/>
						<line number="23" hits="2" branch="false"/>
						<line number="24" hits="22" branch="false"/>
						<line number="25" hits="22" branch="false"/>
					</lines>
				</class>
				<class name="io.github.mbarre.schemacrawler.utils.LintUtils" filename="io/github/mbarre/schemacrawler/utils/LintUtils.java" line-rate="0.5" branch-rate="0.5833333333333334" complexity="6.0">
					<methods>
						<method name="&lt;init&gt;" signature="()V" line-rate="0.0" branch-rate="1.0">
							<lines>
								<line number="5" hits="0" branch="false"/>
							</lines>
						</method>
						<method name="isSqlTypeTextBased" signature="(I)Z" line-rate="1.0" branch-rate="0.5833333333333334">
							<lines>
								<line number="13" hits="72" branch="true" condition-coverage="58 % (7/12)">
									<conditions>
										<condition number="0" type="jump" coverage="50 %"/>
										<condition number="1" type="jump" coverage="50 %"/>
										<condition number="2" type="jump" coverage="50 %"/>
										<condition number="3" type="jump" coverage="50 %"/>
										<condition number="4" type="jump" coverage="50 %"/>
										<condition number="5" type="jump" coverage="100 %"/>
									</conditions>
								</line>
							</lines>
						</method>
					</methods>
					<lines>
						<line number="5" hits="0" branch="false"/>
						<line number="13" hits="72" branch="true" condition-coverage="58 % (7/12)">
							<conditions>
								<condition number="0" type="jump" coverage="50 %"/>
								<condition number="1" type="jump" coverage="50 %"/>
								<condition number="2" type="jump" coverage="50 %"/>
								<condition number="3" type="jump" coverage="50 %"/>
								<condition number="4" type="jump" coverage="50 %"/>
								<condition number="5" type="jump" coverage="100 %"/>
							</conditions>
						</line>
					</lines>
				</class>
				<class name="io.github.mbarre.schemacrawler.utils.XmlUtils" filename="io/github/mbarre/schemacrawler/utils/XmlUtils.java" line-rate="0.9" branch-rate="1.0" complexity="5.0">
					<methods>
						<method name="&lt;init&gt;" signature="()V" line-rate="0.0" branch-rate="1.0">
							<lines>
								<line number="14" hits="0" branch="false"/>
							</lines>
						</method>
						<method name="isXmlContent" signature="(Ljava/lang/String;)Z" line-rate="1.0" branch-rate="1.0">
							<lines>
								<line number="23" hits="28" branch="true" condition-coverage="100 % (2/2)">
									<conditions>
										<condition number="0" type="jump" coverage="100 %"/>
									</conditions>
								</line>
								<line number="24" hits="5" branch="false"/>
								<line number="29" hits="23" branch="false"/>
								<line number="31" hits="23" branch="false"/>
								<line number="32" hits="23" branch="false"/>
								<line number="33" hits="23" branch="false"/>
								<line number="34" hits="2" branch="false"/>
								<line number="36" hits="21" branch="false"/>
								<line number="37" hits="21" branch="false"/>
							</lines>
						</method>
					</methods>
					<lines>
						<line number="14" hits="0" branch="false"/>
						<line number="23" hits="28" branch="true" condition-coverage="100 % (2/2)">
							<conditions>
								<condition number="0" type="jump" coverage="100 %"/>
							</conditions>
						</line>
						<line number="24" hits="5" branch="false"/>
						<line number="29" hits="23" branch="false"/>
						<line number="31" hits="23" branch="false"/>
						<line number="32" hits="23" branch="false"/>
						<line number="33" hits="23" branch="false"/>
						<line number="34" hits="2" branch="false"/>
						<line number="36" hits="21" branch="false"/>
						<line number="37" hits="21" branch="false"/>
					</lines>
				</class>
			</classes>
		</package>
	</packages>
</coverage>
